<?xml version="1.0" encoding="UTF-8"?>
<testsuite xmlns:xsi="http://www.w3.org/2001/XMLSchema-instance" xsi:noNamespaceSchemaLocation="https://maven.apache.org/surefire/maven-surefire-plugin/xsd/surefire-test-report.xsd" name="com.srmsolutions.repos.EventRepositoryTest" time="0.023" tests="5" errors="0" skipped="0" failures="0">
  <properties>
    <property name="sun.desktop" value="windows"/>
    <property name="awt.toolkit" value="sun.awt.windows.WToolkit"/>
    <property name="java.specification.version" value="11"/>
    <property name="sun.cpu.isalist" value="amd64"/>
    <property name="sun.jnu.encoding" value="Cp1252"/>
    <property name="java.class.path" value="D:\Repos\javalou0819-capstone-diamonds\target\test-classes;D:\Repos\javalou0819-capstone-diamonds\target\classes;C:\Users\riddl\.m2\repository\org\springframework\boot\spring-boot-starter-jdbc\2.2.0.RC1\spring-boot-starter-jdbc-2.2.0.RC1.jar;C:\Users\riddl\.m2\repository\org\springframework\boot\spring-boot-starter\2.2.0.RC1\spring-boot-starter-2.2.0.RC1.jar;C:\Users\riddl\.m2\repository\org\springframework\boot\spring-boot-starter-logging\2.2.0.RC1\spring-boot-starter-logging-2.2.0.RC1.jar;C:\Users\riddl\.m2\repository\ch\qos\logback\logback-classic\1.2.3\logback-classic-1.2.3.jar;C:\Users\riddl\.m2\repository\ch\qos\logback\logback-core\1.2.3\logback-core-1.2.3.jar;C:\Users\riddl\.m2\repository\org\apache\logging\log4j\log4j-to-slf4j\2.12.1\log4j-to-slf4j-2.12.1.jar;C:\Users\riddl\.m2\repository\org\apache\logging\log4j\log4j-api\2.12.1\log4j-api-2.12.1.jar;C:\Users\riddl\.m2\repository\org\slf4j\jul-to-slf4j\1.7.28\jul-to-slf4j-1.7.28.jar;C:\Users\riddl\.m2\repository\jakarta\annotation\jakarta.annotation-api\1.3.5\jakarta.annotation-api-1.3.5.jar;C:\Users\riddl\.m2\repository\org\yaml\snakeyaml\1.25\snakeyaml-1.25.jar;C:\Users\riddl\.m2\repository\com\zaxxer\HikariCP\3.4.1\HikariCP-3.4.1.jar;C:\Users\riddl\.m2\repository\org\springframework\spring-jdbc\5.2.0.RELEASE\spring-jdbc-5.2.0.RELEASE.jar;C:\Users\riddl\.m2\repository\org\springframework\spring-tx\5.2.0.RELEASE\spring-tx-5.2.0.RELEASE.jar;C:\Users\riddl\.m2\repository\org\springframework\boot\spring-boot-starter-thymeleaf\2.2.0.RC1\spring-boot-starter-thymeleaf-2.2.0.RC1.jar;C:\Users\riddl\.m2\repository\org\thymeleaf\thymeleaf-spring5\3.0.11.RELEASE\thymeleaf-spring5-3.0.11.RELEASE.jar;C:\Users\riddl\.m2\repository\org\thymeleaf\thymeleaf\3.0.11.RELEASE\thymeleaf-3.0.11.RELEASE.jar;C:\Users\riddl\.m2\repository\org\attoparser\attoparser\2.0.5.RELEASE\attoparser-2.0.5.RELEASE.jar;C:\Users\riddl\.m2\repository\org\unbescape\unbescape\1.1.6.RELEASE\unbescape-1.1.6.RELEASE.jar;C:\Users\riddl\.m2\repository\org\thymeleaf\extras\thymeleaf-extras-java8time\3.0.4.RELEASE\thymeleaf-extras-java8time-3.0.4.RELEASE.jar;C:\Users\riddl\.m2\repository\org\springframework\boot\spring-boot-starter-web\2.2.0.RC1\spring-boot-starter-web-2.2.0.RC1.jar;C:\Users\riddl\.m2\repository\org\springframework\boot\spring-boot-starter-json\2.2.0.RC1\spring-boot-starter-json-2.2.0.RC1.jar;C:\Users\riddl\.m2\repository\com\fasterxml\jackson\core\jackson-databind\2.10.0\jackson-databind-2.10.0.jar;C:\Users\riddl\.m2\repository\com\fasterxml\jackson\core\jackson-annotations\2.10.0\jackson-annotations-2.10.0.jar;C:\Users\riddl\.m2\repository\com\fasterxml\jackson\core\jackson-core\2.10.0\jackson-core-2.10.0.jar;C:\Users\riddl\.m2\repository\com\fasterxml\jackson\datatype\jackson-datatype-jdk8\2.10.0\jackson-datatype-jdk8-2.10.0.jar;C:\Users\riddl\.m2\repository\com\fasterxml\jackson\datatype\jackson-datatype-jsr310\2.10.0\jackson-datatype-jsr310-2.10.0.jar;C:\Users\riddl\.m2\repository\com\fasterxml\jackson\module\jackson-module-parameter-names\2.10.0\jackson-module-parameter-names-2.10.0.jar;C:\Users\riddl\.m2\repository\org\springframework\boot\spring-boot-starter-tomcat\2.2.0.RC1\spring-boot-starter-tomcat-2.2.0.RC1.jar;C:\Users\riddl\.m2\repository\org\apache\tomcat\embed\tomcat-embed-core\9.0.26\tomcat-embed-core-9.0.26.jar;C:\Users\riddl\.m2\repository\org\apache\tomcat\embed\tomcat-embed-el\9.0.26\tomcat-embed-el-9.0.26.jar;C:\Users\riddl\.m2\repository\org\apache\tomcat\embed\tomcat-embed-websocket\9.0.26\tomcat-embed-websocket-9.0.26.jar;C:\Users\riddl\.m2\repository\org\springframework\boot\spring-boot-starter-validation\2.2.0.RC1\spring-boot-starter-validation-2.2.0.RC1.jar;C:\Users\riddl\.m2\repository\jakarta\validation\jakarta.validation-api\2.0.1\jakarta.validation-api-2.0.1.jar;C:\Users\riddl\.m2\repository\org\hibernate\validator\hibernate-validator\6.0.17.Final\hibernate-validator-6.0.17.Final.jar;C:\Users\riddl\.m2\repository\org\springframework\spring-web\5.2.0.RELEASE\spring-web-5.2.0.RELEASE.jar;C:\Users\riddl\.m2\repository\org\springframework\spring-webmvc\5.2.0.RELEASE\spring-webmvc-5.2.0.RELEASE.jar;C:\Users\riddl\.m2\repository\org\springframework\boot\spring-boot-devtools\2.2.0.RC1\spring-boot-devtools-2.2.0.RC1.jar;C:\Users\riddl\.m2\repository\org\springframework\boot\spring-boot\2.2.0.RC1\spring-boot-2.2.0.RC1.jar;C:\Users\riddl\.m2\repository\org\springframework\boot\spring-boot-autoconfigure\2.2.0.RC1\spring-boot-autoconfigure-2.2.0.RC1.jar;C:\Users\riddl\.m2\repository\com\h2database\h2\1.4.199\h2-1.4.199.jar;C:\Users\riddl\.m2\repository\mysql\mysql-connector-java\8.0.17\mysql-connector-java-8.0.17.jar;C:\Users\riddl\.m2\repository\commons-io\commons-io\2.6\commons-io-2.6.jar;C:\Users\riddl\.m2\repository\org\projectlombok\lombok\1.18.10\lombok-1.18.10.jar;C:\Users\riddl\.m2\repository\org\springframework\boot\spring-boot-starter-test\2.2.0.RC1\spring-boot-starter-test-2.2.0.RC1.jar;C:\Users\riddl\.m2\repository\org\springframework\boot\spring-boot-test\2.2.0.RC1\spring-boot-test-2.2.0.RC1.jar;C:\Users\riddl\.m2\repository\org\springframework\boot\spring-boot-test-autoconfigure\2.2.0.RC1\spring-boot-test-autoconfigure-2.2.0.RC1.jar;C:\Users\riddl\.m2\repository\com\jayway\jsonpath\json-path\2.4.0\json-path-2.4.0.jar;C:\Users\riddl\.m2\repository\net\minidev\json-smart\2.3\json-smart-2.3.jar;C:\Users\riddl\.m2\repository\net\minidev\accessors-smart\1.2\accessors-smart-1.2.jar;C:\Users\riddl\.m2\repository\org\ow2\asm\asm\5.0.4\asm-5.0.4.jar;C:\Users\riddl\.m2\repository\jakarta\xml\bind\jakarta.xml.bind-api\2.3.2\jakarta.xml.bind-api-2.3.2.jar;C:\Users\riddl\.m2\repository\org\junit\jupiter\junit-jupiter\5.5.2\junit-jupiter-5.5.2.jar;C:\Users\riddl\.m2\repository\org\junit\jupiter\junit-jupiter-api\5.5.2\junit-jupiter-api-5.5.2.jar;C:\Users\riddl\.m2\repository\org\apiguardian\apiguardian-api\1.1.0\apiguardian-api-1.1.0.jar;C:\Users\riddl\.m2\repository\org\opentest4j\opentest4j\1.2.0\opentest4j-1.2.0.jar;C:\Users\riddl\.m2\repository\org\junit\platform\junit-platform-commons\1.5.2\junit-platform-commons-1.5.2.jar;C:\Users\riddl\.m2\repository\org\junit\jupiter\junit-jupiter-params\5.5.2\junit-jupiter-params-5.5.2.jar;C:\Users\riddl\.m2\repository\org\junit\jupiter\junit-jupiter-engine\5.5.2\junit-jupiter-engine-5.5.2.jar;C:\Users\riddl\.m2\repository\org\junit\platform\junit-platform-engine\1.5.2\junit-platform-engine-1.5.2.jar;C:\Users\riddl\.m2\repository\org\mockito\mockito-junit-jupiter\3.1.0\mockito-junit-jupiter-3.1.0.jar;C:\Users\riddl\.m2\repository\org\assertj\assertj-core\3.13.2\assertj-core-3.13.2.jar;C:\Users\riddl\.m2\repository\org\hamcrest\hamcrest\2.1\hamcrest-2.1.jar;C:\Users\riddl\.m2\repository\org\mockito\mockito-core\3.1.0\mockito-core-3.1.0.jar;C:\Users\riddl\.m2\repository\net\bytebuddy\byte-buddy\1.10.1\byte-buddy-1.10.1.jar;C:\Users\riddl\.m2\repository\net\bytebuddy\byte-buddy-agent\1.10.1\byte-buddy-agent-1.10.1.jar;C:\Users\riddl\.m2\repository\org\objenesis\objenesis\2.6\objenesis-2.6.jar;C:\Users\riddl\.m2\repository\org\skyscreamer\jsonassert\1.5.0\jsonassert-1.5.0.jar;C:\Users\riddl\.m2\repository\com\vaadin\external\google\android-json\0.0.20131108.vaadin1\android-json-0.0.20131108.vaadin1.jar;C:\Users\riddl\.m2\repository\org\springframework\spring-core\5.2.0.RELEASE\spring-core-5.2.0.RELEASE.jar;C:\Users\riddl\.m2\repository\org\springframework\spring-jcl\5.2.0.RELEASE\spring-jcl-5.2.0.RELEASE.jar;C:\Users\riddl\.m2\repository\org\springframework\spring-test\5.2.0.RELEASE\spring-test-5.2.0.RELEASE.jar;C:\Users\riddl\.m2\repository\org\xmlunit\xmlunit-core\2.6.3\xmlunit-core-2.6.3.jar;C:\Users\riddl\.m2\repository\org\springframework\boot\spring-boot-starter-data-jpa\2.2.0.RC1\spring-boot-starter-data-jpa-2.2.0.RC1.jar;C:\Users\riddl\.m2\repository\org\springframework\boot\spring-boot-starter-aop\2.2.0.RC1\spring-boot-starter-aop-2.2.0.RC1.jar;C:\Users\riddl\.m2\repository\org\aspectj\aspectjweaver\1.9.4\aspectjweaver-1.9.4.jar;C:\Users\riddl\.m2\repository\jakarta\activation\jakarta.activation-api\1.2.1\jakarta.activation-api-1.2.1.jar;C:\Users\riddl\.m2\repository\jakarta\persistence\jakarta.persistence-api\2.2.3\jakarta.persistence-api-2.2.3.jar;C:\Users\riddl\.m2\repository\jakarta\transaction\jakarta.transaction-api\1.3.3\jakarta.transaction-api-1.3.3.jar;C:\Users\riddl\.m2\repository\org\hibernate\hibernate-core\5.4.6.Final\hibernate-core-5.4.6.Final.jar;C:\Users\riddl\.m2\repository\org\jboss\logging\jboss-logging\3.4.1.Final\jboss-logging-3.4.1.Final.jar;C:\Users\riddl\.m2\repository\org\javassist\javassist\3.24.0-GA\javassist-3.24.0-GA.jar;C:\Users\riddl\.m2\repository\antlr\antlr\2.7.7\antlr-2.7.7.jar;C:\Users\riddl\.m2\repository\org\jboss\jandex\2.0.5.Final\jandex-2.0.5.Final.jar;C:\Users\riddl\.m2\repository\com\fasterxml\classmate\1.5.0\classmate-1.5.0.jar;C:\Users\riddl\.m2\repository\org\dom4j\dom4j\2.1.1\dom4j-2.1.1.jar;C:\Users\riddl\.m2\repository\org\hibernate\common\hibernate-commons-annotations\5.1.0.Final\hibernate-commons-annotations-5.1.0.Final.jar;C:\Users\riddl\.m2\repository\org\glassfish\jaxb\jaxb-runtime\2.3.2\jaxb-runtime-2.3.2.jar;C:\Users\riddl\.m2\repository\org\glassfish\jaxb\txw2\2.3.2\txw2-2.3.2.jar;C:\Users\riddl\.m2\repository\com\sun\istack\istack-commons-runtime\3.0.8\istack-commons-runtime-3.0.8.jar;C:\Users\riddl\.m2\repository\org\jvnet\staxex\stax-ex\1.8.1\stax-ex-1.8.1.jar;C:\Users\riddl\.m2\repository\com\sun\xml\fastinfoset\FastInfoset\1.2.16\FastInfoset-1.2.16.jar;C:\Users\riddl\.m2\repository\org\springframework\data\spring-data-jpa\2.2.0.RELEASE\spring-data-jpa-2.2.0.RELEASE.jar;C:\Users\riddl\.m2\repository\org\springframework\data\spring-data-commons\2.2.0.RELEASE\spring-data-commons-2.2.0.RELEASE.jar;C:\Users\riddl\.m2\repository\org\springframework\spring-orm\5.2.0.RELEASE\spring-orm-5.2.0.RELEASE.jar;C:\Users\riddl\.m2\repository\org\springframework\spring-aspects\5.2.0.RELEASE\spring-aspects-5.2.0.RELEASE.jar;C:\Users\riddl\.m2\repository\org\hsqldb\hsqldb\2.5.0\hsqldb-2.5.0.jar;C:\Users\riddl\.m2\repository\junit\junit\4.12\junit-4.12.jar;C:\Users\riddl\.m2\repository\org\hamcrest\hamcrest-core\2.1\hamcrest-core-2.1.jar;C:\Users\riddl\.m2\repository\org\springframework\security\spring-security-web\5.2.0.RELEASE\spring-security-web-5.2.0.RELEASE.jar;C:\Users\riddl\.m2\repository\org\springframework\security\spring-security-core\5.2.0.RELEASE\spring-security-core-5.2.0.RELEASE.jar;C:\Users\riddl\.m2\repository\org\springframework\spring-aop\5.2.0.RELEASE\spring-aop-5.2.0.RELEASE.jar;C:\Users\riddl\.m2\repository\org\springframework\spring-beans\5.2.0.RELEASE\spring-beans-5.2.0.RELEASE.jar;C:\Users\riddl\.m2\repository\org\springframework\spring-context\5.2.0.RELEASE\spring-context-5.2.0.RELEASE.jar;C:\Users\riddl\.m2\repository\org\springframework\spring-expression\5.2.0.RELEASE\spring-expression-5.2.0.RELEASE.jar;C:\Users\riddl\.m2\repository\org\springframework\security\spring-security-config\5.2.0.RELEASE\spring-security-config-5.2.0.RELEASE.jar;C:\Users\riddl\.m2\repository\org\thymeleaf\extras\thymeleaf-extras-springsecurity5\3.0.4.RELEASE\thymeleaf-extras-springsecurity5-3.0.4.RELEASE.jar;C:\Users\riddl\.m2\repository\org\slf4j\slf4j-api\1.7.28\slf4j-api-1.7.28.jar;C:\Users\riddl\.m2\repository\org\springframework\boot\spring-boot-starter-security\2.2.0.RC1\spring-boot-starter-security-2.2.0.RC1.jar;C:\Users\riddl\.m2\repository\org\springframework\security\spring-security-test\5.2.0.RELEASE\spring-security-test-5.2.0.RELEASE.jar;"/>
    <property name="java.vm.vendor" value="Oracle Corporation"/>
    <property name="sun.arch.data.model" value="64"/>
    <property name="user.variant" value=""/>
    <property name="java.vendor.url" value="http://java.oracle.com/"/>
    <property name="user.timezone" value="America/New_York"/>
    <property name="java.vm.specification.version" value="11"/>
    <property name="os.name" value="Windows 10"/>
    <property name="user.country" value="US"/>
    <property name="sun.java.launcher" value="SUN_STANDARD"/>
    <property name="sun.boot.library.path" value="C:\Program Files\Java\jdk-11.0.4\bin"/>
    <property name="sun.java.command" value="C:\Users\riddl\AppData\Local\Temp\surefire6089441179221037885\surefirebooter16211019272141556445.jar C:\Users\riddl\AppData\Local\Temp\surefire6089441179221037885 2019-10-31T11-08-50_613-jvmRun1 surefire4138792806267168919tmp surefire_012453305085939886615tmp"/>
    <property name="jdk.debug" value="release"/>
    <property name="surefire.test.class.path" value="D:\Repos\javalou0819-capstone-diamonds\target\test-classes;D:\Repos\javalou0819-capstone-diamonds\target\classes;C:\Users\riddl\.m2\repository\org\springframework\boot\spring-boot-starter-jdbc\2.2.0.RC1\spring-boot-starter-jdbc-2.2.0.RC1.jar;C:\Users\riddl\.m2\repository\org\springframework\boot\spring-boot-starter\2.2.0.RC1\spring-boot-starter-2.2.0.RC1.jar;C:\Users\riddl\.m2\repository\org\springframework\boot\spring-boot-starter-logging\2.2.0.RC1\spring-boot-starter-logging-2.2.0.RC1.jar;C:\Users\riddl\.m2\repository\ch\qos\logback\logback-classic\1.2.3\logback-classic-1.2.3.jar;C:\Users\riddl\.m2\repository\ch\qos\logback\logback-core\1.2.3\logback-core-1.2.3.jar;C:\Users\riddl\.m2\repository\org\apache\logging\log4j\log4j-to-slf4j\2.12.1\log4j-to-slf4j-2.12.1.jar;C:\Users\riddl\.m2\repository\org\apache\logging\log4j\log4j-api\2.12.1\log4j-api-2.12.1.jar;C:\Users\riddl\.m2\repository\org\slf4j\jul-to-slf4j\1.7.28\jul-to-slf4j-1.7.28.jar;C:\Users\riddl\.m2\repository\jakarta\annotation\jakarta.annotation-api\1.3.5\jakarta.annotation-api-1.3.5.jar;C:\Users\riddl\.m2\repository\org\yaml\snakeyaml\1.25\snakeyaml-1.25.jar;C:\Users\riddl\.m2\repository\com\zaxxer\HikariCP\3.4.1\HikariCP-3.4.1.jar;C:\Users\riddl\.m2\repository\org\springframework\spring-jdbc\5.2.0.RELEASE\spring-jdbc-5.2.0.RELEASE.jar;C:\Users\riddl\.m2\repository\org\springframework\spring-tx\5.2.0.RELEASE\spring-tx-5.2.0.RELEASE.jar;C:\Users\riddl\.m2\repository\org\springframework\boot\spring-boot-starter-thymeleaf\2.2.0.RC1\spring-boot-starter-thymeleaf-2.2.0.RC1.jar;C:\Users\riddl\.m2\repository\org\thymeleaf\thymeleaf-spring5\3.0.11.RELEASE\thymeleaf-spring5-3.0.11.RELEASE.jar;C:\Users\riddl\.m2\repository\org\thymeleaf\thymeleaf\3.0.11.RELEASE\thymeleaf-3.0.11.RELEASE.jar;C:\Users\riddl\.m2\repository\org\attoparser\attoparser\2.0.5.RELEASE\attoparser-2.0.5.RELEASE.jar;C:\Users\riddl\.m2\repository\org\unbescape\unbescape\1.1.6.RELEASE\unbescape-1.1.6.RELEASE.jar;C:\Users\riddl\.m2\repository\org\thymeleaf\extras\thymeleaf-extras-java8time\3.0.4.RELEASE\thymeleaf-extras-java8time-3.0.4.RELEASE.jar;C:\Users\riddl\.m2\repository\org\springframework\boot\spring-boot-starter-web\2.2.0.RC1\spring-boot-starter-web-2.2.0.RC1.jar;C:\Users\riddl\.m2\repository\org\springframework\boot\spring-boot-starter-json\2.2.0.RC1\spring-boot-starter-json-2.2.0.RC1.jar;C:\Users\riddl\.m2\repository\com\fasterxml\jackson\core\jackson-databind\2.10.0\jackson-databind-2.10.0.jar;C:\Users\riddl\.m2\repository\com\fasterxml\jackson\core\jackson-annotations\2.10.0\jackson-annotations-2.10.0.jar;C:\Users\riddl\.m2\repository\com\fasterxml\jackson\core\jackson-core\2.10.0\jackson-core-2.10.0.jar;C:\Users\riddl\.m2\repository\com\fasterxml\jackson\datatype\jackson-datatype-jdk8\2.10.0\jackson-datatype-jdk8-2.10.0.jar;C:\Users\riddl\.m2\repository\com\fasterxml\jackson\datatype\jackson-datatype-jsr310\2.10.0\jackson-datatype-jsr310-2.10.0.jar;C:\Users\riddl\.m2\repository\com\fasterxml\jackson\module\jackson-module-parameter-names\2.10.0\jackson-module-parameter-names-2.10.0.jar;C:\Users\riddl\.m2\repository\org\springframework\boot\spring-boot-starter-tomcat\2.2.0.RC1\spring-boot-starter-tomcat-2.2.0.RC1.jar;C:\Users\riddl\.m2\repository\org\apache\tomcat\embed\tomcat-embed-core\9.0.26\tomcat-embed-core-9.0.26.jar;C:\Users\riddl\.m2\repository\org\apache\tomcat\embed\tomcat-embed-el\9.0.26\tomcat-embed-el-9.0.26.jar;C:\Users\riddl\.m2\repository\org\apache\tomcat\embed\tomcat-embed-websocket\9.0.26\tomcat-embed-websocket-9.0.26.jar;C:\Users\riddl\.m2\repository\org\springframework\boot\spring-boot-starter-validation\2.2.0.RC1\spring-boot-starter-validation-2.2.0.RC1.jar;C:\Users\riddl\.m2\repository\jakarta\validation\jakarta.validation-api\2.0.1\jakarta.validation-api-2.0.1.jar;C:\Users\riddl\.m2\repository\org\hibernate\validator\hibernate-validator\6.0.17.Final\hibernate-validator-6.0.17.Final.jar;C:\Users\riddl\.m2\repository\org\springframework\spring-web\5.2.0.RELEASE\spring-web-5.2.0.RELEASE.jar;C:\Users\riddl\.m2\repository\org\springframework\spring-webmvc\5.2.0.RELEASE\spring-webmvc-5.2.0.RELEASE.jar;C:\Users\riddl\.m2\repository\org\springframework\boot\spring-boot-devtools\2.2.0.RC1\spring-boot-devtools-2.2.0.RC1.jar;C:\Users\riddl\.m2\repository\org\springframework\boot\spring-boot\2.2.0.RC1\spring-boot-2.2.0.RC1.jar;C:\Users\riddl\.m2\repository\org\springframework\boot\spring-boot-autoconfigure\2.2.0.RC1\spring-boot-autoconfigure-2.2.0.RC1.jar;C:\Users\riddl\.m2\repository\com\h2database\h2\1.4.199\h2-1.4.199.jar;C:\Users\riddl\.m2\repository\mysql\mysql-connector-java\8.0.17\mysql-connector-java-8.0.17.jar;C:\Users\riddl\.m2\repository\commons-io\commons-io\2.6\commons-io-2.6.jar;C:\Users\riddl\.m2\repository\org\projectlombok\lombok\1.18.10\lombok-1.18.10.jar;C:\Users\riddl\.m2\repository\org\springframework\boot\spring-boot-starter-test\2.2.0.RC1\spring-boot-starter-test-2.2.0.RC1.jar;C:\Users\riddl\.m2\repository\org\springframework\boot\spring-boot-test\2.2.0.RC1\spring-boot-test-2.2.0.RC1.jar;C:\Users\riddl\.m2\repository\org\springframework\boot\spring-boot-test-autoconfigure\2.2.0.RC1\spring-boot-test-autoconfigure-2.2.0.RC1.jar;C:\Users\riddl\.m2\repository\com\jayway\jsonpath\json-path\2.4.0\json-path-2.4.0.jar;C:\Users\riddl\.m2\repository\net\minidev\json-smart\2.3\json-smart-2.3.jar;C:\Users\riddl\.m2\repository\net\minidev\accessors-smart\1.2\accessors-smart-1.2.jar;C:\Users\riddl\.m2\repository\org\ow2\asm\asm\5.0.4\asm-5.0.4.jar;C:\Users\riddl\.m2\repository\jakarta\xml\bind\jakarta.xml.bind-api\2.3.2\jakarta.xml.bind-api-2.3.2.jar;C:\Users\riddl\.m2\repository\org\junit\jupiter\junit-jupiter\5.5.2\junit-jupiter-5.5.2.jar;C:\Users\riddl\.m2\repository\org\junit\jupiter\junit-jupiter-api\5.5.2\junit-jupiter-api-5.5.2.jar;C:\Users\riddl\.m2\repository\org\apiguardian\apiguardian-api\1.1.0\apiguardian-api-1.1.0.jar;C:\Users\riddl\.m2\repository\org\opentest4j\opentest4j\1.2.0\opentest4j-1.2.0.jar;C:\Users\riddl\.m2\repository\org\junit\platform\junit-platform-commons\1.5.2\junit-platform-commons-1.5.2.jar;C:\Users\riddl\.m2\repository\org\junit\jupiter\junit-jupiter-params\5.5.2\junit-jupiter-params-5.5.2.jar;C:\Users\riddl\.m2\repository\org\junit\jupiter\junit-jupiter-engine\5.5.2\junit-jupiter-engine-5.5.2.jar;C:\Users\riddl\.m2\repository\org\junit\platform\junit-platform-engine\1.5.2\junit-platform-engine-1.5.2.jar;C:\Users\riddl\.m2\repository\org\mockito\mockito-junit-jupiter\3.1.0\mockito-junit-jupiter-3.1.0.jar;C:\Users\riddl\.m2\repository\org\assertj\assertj-core\3.13.2\assertj-core-3.13.2.jar;C:\Users\riddl\.m2\repository\org\hamcrest\hamcrest\2.1\hamcrest-2.1.jar;C:\Users\riddl\.m2\repository\org\mockito\mockito-core\3.1.0\mockito-core-3.1.0.jar;C:\Users\riddl\.m2\repository\net\bytebuddy\byte-buddy\1.10.1\byte-buddy-1.10.1.jar;C:\Users\riddl\.m2\repository\net\bytebuddy\byte-buddy-agent\1.10.1\byte-buddy-agent-1.10.1.jar;C:\Users\riddl\.m2\repository\org\objenesis\objenesis\2.6\objenesis-2.6.jar;C:\Users\riddl\.m2\repository\org\skyscreamer\jsonassert\1.5.0\jsonassert-1.5.0.jar;C:\Users\riddl\.m2\repository\com\vaadin\external\google\android-json\0.0.20131108.vaadin1\android-json-0.0.20131108.vaadin1.jar;C:\Users\riddl\.m2\repository\org\springframework\spring-core\5.2.0.RELEASE\spring-core-5.2.0.RELEASE.jar;C:\Users\riddl\.m2\repository\org\springframework\spring-jcl\5.2.0.RELEASE\spring-jcl-5.2.0.RELEASE.jar;C:\Users\riddl\.m2\repository\org\springframework\spring-test\5.2.0.RELEASE\spring-test-5.2.0.RELEASE.jar;C:\Users\riddl\.m2\repository\org\xmlunit\xmlunit-core\2.6.3\xmlunit-core-2.6.3.jar;C:\Users\riddl\.m2\repository\org\springframework\boot\spring-boot-starter-data-jpa\2.2.0.RC1\spring-boot-starter-data-jpa-2.2.0.RC1.jar;C:\Users\riddl\.m2\repository\org\springframework\boot\spring-boot-starter-aop\2.2.0.RC1\spring-boot-starter-aop-2.2.0.RC1.jar;C:\Users\riddl\.m2\repository\org\aspectj\aspectjweaver\1.9.4\aspectjweaver-1.9.4.jar;C:\Users\riddl\.m2\repository\jakarta\activation\jakarta.activation-api\1.2.1\jakarta.activation-api-1.2.1.jar;C:\Users\riddl\.m2\repository\jakarta\persistence\jakarta.persistence-api\2.2.3\jakarta.persistence-api-2.2.3.jar;C:\Users\riddl\.m2\repository\jakarta\transaction\jakarta.transaction-api\1.3.3\jakarta.transaction-api-1.3.3.jar;C:\Users\riddl\.m2\repository\org\hibernate\hibernate-core\5.4.6.Final\hibernate-core-5.4.6.Final.jar;C:\Users\riddl\.m2\repository\org\jboss\logging\jboss-logging\3.4.1.Final\jboss-logging-3.4.1.Final.jar;C:\Users\riddl\.m2\repository\org\javassist\javassist\3.24.0-GA\javassist-3.24.0-GA.jar;C:\Users\riddl\.m2\repository\antlr\antlr\2.7.7\antlr-2.7.7.jar;C:\Users\riddl\.m2\repository\org\jboss\jandex\2.0.5.Final\jandex-2.0.5.Final.jar;C:\Users\riddl\.m2\repository\com\fasterxml\classmate\1.5.0\classmate-1.5.0.jar;C:\Users\riddl\.m2\repository\org\dom4j\dom4j\2.1.1\dom4j-2.1.1.jar;C:\Users\riddl\.m2\repository\org\hibernate\common\hibernate-commons-annotations\5.1.0.Final\hibernate-commons-annotations-5.1.0.Final.jar;C:\Users\riddl\.m2\repository\org\glassfish\jaxb\jaxb-runtime\2.3.2\jaxb-runtime-2.3.2.jar;C:\Users\riddl\.m2\repository\org\glassfish\jaxb\txw2\2.3.2\txw2-2.3.2.jar;C:\Users\riddl\.m2\repository\com\sun\istack\istack-commons-runtime\3.0.8\istack-commons-runtime-3.0.8.jar;C:\Users\riddl\.m2\repository\org\jvnet\staxex\stax-ex\1.8.1\stax-ex-1.8.1.jar;C:\Users\riddl\.m2\repository\com\sun\xml\fastinfoset\FastInfoset\1.2.16\FastInfoset-1.2.16.jar;C:\Users\riddl\.m2\repository\org\springframework\data\spring-data-jpa\2.2.0.RELEASE\spring-data-jpa-2.2.0.RELEASE.jar;C:\Users\riddl\.m2\repository\org\springframework\data\spring-data-commons\2.2.0.RELEASE\spring-data-commons-2.2.0.RELEASE.jar;C:\Users\riddl\.m2\repository\org\springframework\spring-orm\5.2.0.RELEASE\spring-orm-5.2.0.RELEASE.jar;C:\Users\riddl\.m2\repository\org\springframework\spring-aspects\5.2.0.RELEASE\spring-aspects-5.2.0.RELEASE.jar;C:\Users\riddl\.m2\repository\org\hsqldb\hsqldb\2.5.0\hsqldb-2.5.0.jar;C:\Users\riddl\.m2\repository\junit\junit\4.12\junit-4.12.jar;C:\Users\riddl\.m2\repository\org\hamcrest\hamcrest-core\2.1\hamcrest-core-2.1.jar;C:\Users\riddl\.m2\repository\org\springframework\security\spring-security-web\5.2.0.RELEASE\spring-security-web-5.2.0.RELEASE.jar;C:\Users\riddl\.m2\repository\org\springframework\security\spring-security-core\5.2.0.RELEASE\spring-security-core-5.2.0.RELEASE.jar;C:\Users\riddl\.m2\repository\org\springframework\spring-aop\5.2.0.RELEASE\spring-aop-5.2.0.RELEASE.jar;C:\Users\riddl\.m2\repository\org\springframework\spring-beans\5.2.0.RELEASE\spring-beans-5.2.0.RELEASE.jar;C:\Users\riddl\.m2\repository\org\springframework\spring-context\5.2.0.RELEASE\spring-context-5.2.0.RELEASE.jar;C:\Users\riddl\.m2\repository\org\springframework\spring-expression\5.2.0.RELEASE\spring-expression-5.2.0.RELEASE.jar;C:\Users\riddl\.m2\repository\org\springframework\security\spring-security-config\5.2.0.RELEASE\spring-security-config-5.2.0.RELEASE.jar;C:\Users\riddl\.m2\repository\org\thymeleaf\extras\thymeleaf-extras-springsecurity5\3.0.4.RELEASE\thymeleaf-extras-springsecurity5-3.0.4.RELEASE.jar;C:\Users\riddl\.m2\repository\org\slf4j\slf4j-api\1.7.28\slf4j-api-1.7.28.jar;C:\Users\riddl\.m2\repository\org\springframework\boot\spring-boot-starter-security\2.2.0.RC1\spring-boot-starter-security-2.2.0.RC1.jar;C:\Users\riddl\.m2\repository\org\springframework\security\spring-security-test\5.2.0.RELEASE\spring-security-test-5.2.0.RELEASE.jar;"/>
    <property name="sun.cpu.endian" value="little"/>
    <property name="user.home" value="C:\Users\riddl"/>
    <property name="user.language" value="en"/>
    <property name="java.specification.vendor" value="Oracle Corporation"/>
    <property name="java.version.date" value="2019-07-16"/>
    <property name="java.home" value="C:\Program Files\Java\jdk-11.0.4"/>
    <property name="file.separator" value="\"/>
    <property name="basedir" value="D:\Repos\javalou0819-capstone-diamonds"/>
    <property name="java.vm.compressedOopsMode" value="Zero based"/>
    <property name="line.separator" value="&#10;"/>
    <property name="java.specification.name" value="Java Platform API Specification"/>
    <property name="java.vm.specification.vendor" value="Oracle Corporation"/>
    <property name="java.awt.graphicsenv" value="sun.awt.Win32GraphicsEnvironment"/>
    <property name="surefire.real.class.path" value="C:\Users\riddl\AppData\Local\Temp\surefire6089441179221037885\surefirebooter16211019272141556445.jar"/>
    <property name="user.script" value=""/>
    <property name="sun.management.compiler" value="HotSpot 64-Bit Tiered Compilers"/>
    <property name="java.runtime.version" value="11.0.4+10-LTS"/>
    <property name="user.name" value="riddl"/>
    <property name="path.separator" value=";"/>
    <property name="os.version" value="10.0"/>
    <property name="java.runtime.name" value="Java(TM) SE Runtime Environment"/>
    <property name="file.encoding" value="UTF-8"/>
    <property name="java.vm.name" value="Java HotSpot(TM) 64-Bit Server VM"/>
    <property name="java.vendor.version" value="18.9"/>
    <property name="maven.ext.class.path" value="C:\Users\riddl\Documents\netbeans\java\maven-nblib\netbeans-eventspy.jar"/>
    <property name="localRepository" value="C:\Users\riddl\.m2\repository"/>
    <property name="java.vendor.url.bug" value="http://bugreport.java.com/bugreport/"/>
    <property name="java.io.tmpdir" value="C:\Users\riddl\AppData\Local\Temp\"/>
    <property name="java.version" value="11.0.4"/>
    <property name="user.dir" value="D:\Repos\javalou0819-capstone-diamonds"/>
    <property name="os.arch" value="amd64"/>
    <property name="java.vm.specification.name" value="Java Virtual Machine Specification"/>
    <property name="java.awt.printerjob" value="sun.awt.windows.WPrinterJob"/>
    <property name="sun.os.patch.level" value=""/>
    <property name="java.library.path" value="C:\Program Files\Java\jdk-11.0.4\bin;C:\WINDOWS\Sun\Java\bin;C:\WINDOWS\system32;C:\WINDOWS;C:\Program Files\AdoptOpenJDK\jdk-11.0.4.11-hotspot\bin;C:\Program Files (x86)\Common Files\Oracle\Java\javapath;C:\Program Files (x86)\Intel\Intel(R) Management Engine Components\iCLS\;C:\Program Files\Intel\Intel(R) Management Engine Components\iCLS\;C:\Windows\system32;C:\Windows;C:\Windows\System32\Wbem;C:\Windows\System32\WindowsPowerShell\v1.0\;C:\Windows\System32\OpenSSH\;C:\Program Files (x86)\Intel\Intel(R) Management Engine Components\DAL;C:\Program Files\Intel\Intel(R) Management Engine Components\DAL;C:\Program Files (x86)\Intel\Intel(R) Management Engine Components\IPT;C:\Program Files\Intel\Intel(R) Management Engine Components\IPT;C:\Program Files (x86)\NVIDIA Corporation\PhysX\Common;C:\Program Files\Intel\WiFi\bin\;C:\Program Files\Common Files\Intel\WirelessCommon\;C:\Program Files\NVIDIA Corporation\NVIDIA NvDLISR;C:\Program Files\Git\cmd;C:\WINDOWS\system32;C:\WINDOWS;C:\WINDOWS\System32\Wbem;C:\WINDOWS\System32\WindowsPowerShell\v1.0\;C:\WINDOWS\System32\OpenSSH\;C:\Program Files\MySQL\MySQL Shell 8.0\bin\;%USERPROFILE%\AppData\Local\Microsoft\WindowsApps;;."/>
    <property name="java.vendor" value="Oracle Corporation"/>
    <property name="java.vm.info" value="mixed mode"/>
    <property name="java.vm.version" value="11.0.4+10-LTS"/>
    <property name="sun.io.unicode.encoding" value="UnicodeLittle"/>
    <property name="java.class.version" value="55.0"/>
  </properties>
  <testcase name="testSaveManyGetAll" classname="com.srmsolutions.repos.EventRepositoryTest" time="0.001"/>
  <testcase name="testSavedUpdatesObject" classname="com.srmsolutions.repos.EventRepositoryTest" time="0.002"/>
  <testcase name="testFindByID" classname="com.srmsolutions.repos.EventRepositoryTest" time="0.003"/>
  <testcase name="testSaveOneGetAll" classname="com.srmsolutions.repos.EventRepositoryTest" time="0.002"/>
  <testcase name="testDelete" classname="com.srmsolutions.repos.EventRepositoryTest" time="0.015"/>
</testsuite>